app/build/intermediates/manifest_merge_blame_file/civRelease/manifest-merger-blame-civ-release-report.txt
1<?xml version="1.0" encoding="utf-8"?>
2<manifest xmlns:android="http://schemas.android.com/apk/res/android"
3    package="com.atakmap.android.plugintemplate.plugin"
4    android:versionCode="1"
5    android:versionName="1.0 (1) - [4.8.1]" >
6
7    <uses-sdk
8        android:minSdkVersion="21"
8-->src/main/AndroidManifest.xml
9        android:targetSdkVersion="21" />
9-->src/main/AndroidManifest.xml
10
11    <application
11-->src/main/AndroidManifest.xml:6:5-23:19
12        android:allowBackup="false"
12-->src/main/AndroidManifest.xml:7:9-36
13        android:description="@string/app_desc"
13-->src/main/AndroidManifest.xml:10:9-47
14        android:extractNativeLibs="true"
14-->src/main/AndroidManifest.xml:11:9-41
15        android:icon="@drawable/ic_launcher_maps"
15-->src/main/AndroidManifest.xml:8:9-50
16        android:label="@string/app_name"
16-->src/main/AndroidManifest.xml:9:9-41
17        android:testOnly="true"
18        android:theme="@style/AppTheme" >
18-->src/main/AndroidManifest.xml:12:9-40
19        <meta-data
20            android:name="plugin-api"
20-->src/main/AndroidManifest.xml:13:20-45
21            android:value="com.atakmap.app@4.8.1.CIV" />
21-->src/main/AndroidManifest.xml:13:46-79
22        <meta-data
22-->src/main/AndroidManifest.xml:14:9-78
23            android:name="app_desc"
23-->src/main/AndroidManifest.xml:14:20-43
24            android:value="@string/app_desc" />
24-->src/main/AndroidManifest.xml:14:44-76
25
26        <activity android:name="com.atakmap.app.component" >
26-->src/main/AndroidManifest.xml:15:15-20:26
26-->src/main/AndroidManifest.xml:15:25-65
27            <intent-filter android:label="@string/app_name" >
27-->src/main/AndroidManifest.xml:17:19-19:35
27-->src/main/AndroidManifest.xml:17:34-66
28                <action android:name="com.atakmap.app.component" />
28-->src/main/AndroidManifest.xml:18:21-72
28-->src/main/AndroidManifest.xml:18:29-69
29            </intent-filter>
30        </activity>
31    </application>
32
33</manifest>